This file contains any messages produced by compilers while
running configure, to aid debugging if configure makes a mistake.

It was created by LibreDWG configure 0.4-dev, which was
generated by GNU Autoconf 2.69.  Invocation command line was

  $ ./configure --enable-write

## --------- ##
## Platform. ##
## --------- ##

hostname = avneet-Lenovo-G560
uname -m = x86_64
uname -r = 3.8.0-21-generic
uname -s = Linux
uname -v = #32-Ubuntu SMP Tue May 14 22:16:46 UTC 2013

/usr/bin/uname -p = unknown
/bin/uname -X     = unknown

/bin/arch              = unknown
/usr/bin/arch -k       = unknown
/usr/convex/getsysinfo = unknown
/usr/bin/hostinfo      = unknown
/bin/machine           = unknown
/usr/bin/oslevel       = unknown
/bin/universe          = unknown

PATH: /usr/local/sbin
PATH: /usr/local/bin
PATH: /usr/sbin
PATH: /usr/bin
PATH: /sbin
PATH: /bin
PATH: /usr/games
PATH: /usr/local/games


## ----------- ##
## Core tests. ##
## ----------- ##

configure:2329: checking for a BSD-compatible install
configure:2397: result: build-aux/install-sh -c
configure:2408: checking whether build environment is sane
configure:2458: result: yes
configure:2599: checking for a thread-safe mkdir -p
configure:2638: result: /bin/mkdir -p
configure:2651: checking for gawk
configure:2667: found /usr/bin/gawk
configure:2678: result: gawk
configure:2689: checking whether make sets $(MAKE)
configure:2711: result: yes
configure:2795: checking build system type
configure:2809: result: x86_64-unknown-linux-gnu
configure:2829: checking host system type
configure:2842: result: x86_64-unknown-linux-gnu
configure:2911: checking for gcc
configure:2927: found /usr/bin/gcc
configure:2938: result: gcc
configure:3167: checking for C compiler version
configure:3176: gcc --version >&5
gcc (Ubuntu/Linaro 4.7.3-1ubuntu1) 4.7.3
Copyright (C) 2012 Free Software Foundation, Inc.
This is free software; see the source for copying conditions.  There is NO
warranty; not even for MERCHANTABILITY or FITNESS FOR A PARTICULAR PURPOSE.

configure:3187: $? = 0
configure:3176: gcc -v >&5
Using built-in specs.
COLLECT_GCC=gcc
COLLECT_LTO_WRAPPER=/usr/lib/gcc/x86_64-linux-gnu/4.7/lto-wrapper
Target: x86_64-linux-gnu
Configured with: ../src/configure -v --with-pkgversion='Ubuntu/Linaro 4.7.3-1ubuntu1' --with-bugurl=file:///usr/share/doc/gcc-4.7/README.Bugs --enable-languages=c,c++,go,fortran,objc,obj-c++ --prefix=/usr --program-suffix=-4.7 --enable-shared --enable-linker-build-id --libexecdir=/usr/lib --without-included-gettext --enable-threads=posix --with-gxx-include-dir=/usr/include/c++/4.7 --libdir=/usr/lib --enable-nls --with-sysroot=/ --enable-clocale=gnu --enable-libstdcxx-debug --enable-libstdcxx-time=yes --enable-gnu-unique-object --enable-plugin --with-system-zlib --enable-objc-gc --with-cloog --enable-cloog-backend=ppl --disable-cloog-version-check --disable-ppl-version-check --enable-multiarch --disable-werror --with-arch-32=i686 --with-abi=m64 --with-multilib-list=m32,m64,mx32 --with-tune=generic --enable-checking=release --build=x86_64-linux-gnu --host=x86_64-linux-gnu --target=x86_64-linux-gnu
Thread model: posix
gcc version 4.7.3 (Ubuntu/Linaro 4.7.3-1ubuntu1) 
configure:3187: $? = 0
configure:3176: gcc -V >&5
gcc: error: unrecognized command line option '-V'
gcc: fatal error: no input files
compilation terminated.
configure:3187: $? = 4
configure:3176: gcc -qversion >&5
gcc: error: unrecognized command line option '-qversion'
gcc: fatal error: no input files
compilation terminated.
configure:3187: $? = 4
configure:3207: checking whether the C compiler works
configure:3229: gcc    conftest.c  >&5
configure:3233: $? = 0
configure:3281: result: yes
configure:3284: checking for C compiler default output file name
configure:3286: result: a.out
configure:3292: checking for suffix of executables
configure:3299: gcc -o conftest    conftest.c  >&5
configure:3303: $? = 0
configure:3325: result: 
configure:3347: checking whether we are cross compiling
configure:3355: gcc -o conftest    conftest.c  >&5
configure:3359: $? = 0
configure:3366: ./conftest
configure:3370: $? = 0
configure:3385: result: no
configure:3390: checking for suffix of object files
configure:3412: gcc -c   conftest.c >&5
configure:3416: $? = 0
configure:3437: result: o
configure:3441: checking whether we are using the GNU C compiler
configure:3460: gcc -c   conftest.c >&5
configure:3460: $? = 0
configure:3469: result: yes
configure:3478: checking whether gcc accepts -g
configure:3498: gcc -c -g  conftest.c >&5
configure:3498: $? = 0
configure:3539: result: yes
configure:3556: checking for gcc option to accept ISO C89
configure:3619: gcc  -c -g -O2  conftest.c >&5
configure:3619: $? = 0
configure:3632: result: none needed
configure:3663: checking for style of include used by make
configure:3691: result: GNU
configure:3717: checking dependency style of gcc
configure:3828: result: gcc3
configure:3843: checking whether ln -s works
configure:3847: result: yes
configure:3854: checking whether make sets $(MAKE)
configure:3876: result: yes
configure:3932: checking how to print strings
configure:3959: result: printf
configure:3980: checking for a sed that does not truncate output
configure:4044: result: /bin/sed
configure:4062: checking for grep that handles long lines and -e
configure:4120: result: /bin/grep
configure:4125: checking for egrep
configure:4187: result: /bin/grep -E
configure:4192: checking for fgrep
configure:4254: result: /bin/grep -F
configure:4289: checking for ld used by gcc
configure:4356: result: /usr/bin/ld
configure:4363: checking if the linker (/usr/bin/ld) is GNU ld
configure:4378: result: yes
configure:4390: checking for BSD- or MS-compatible name lister (nm)
configure:4439: result: /usr/bin/nm -B
configure:4569: checking the name lister (/usr/bin/nm -B) interface
configure:4576: gcc -c -g -O2  conftest.c >&5
configure:4579: /usr/bin/nm -B "conftest.o"
configure:4582: output
0000000000000000 B some_variable
configure:4589: result: BSD nm
configure:4593: checking the maximum length of command line arguments
configure:4724: result: 1572864
configure:4741: checking whether the shell understands some XSI constructs
configure:4751: result: yes
configure:4755: checking whether the shell understands "+="
configure:4761: result: yes
configure:4796: checking how to convert x86_64-unknown-linux-gnu file names to x86_64-unknown-linux-gnu format
configure:4836: result: func_convert_file_noop
configure:4843: checking how to convert x86_64-unknown-linux-gnu file names to toolchain format
configure:4863: result: func_convert_file_noop
configure:4870: checking for /usr/bin/ld option to reload object files
configure:4877: result: -r
configure:4951: checking for objdump
configure:4967: found /usr/bin/objdump
configure:4978: result: objdump
configure:5010: checking how to recognize dependent libraries
configure:5208: result: pass_all
configure:5293: checking for dlltool
configure:5323: result: no
configure:5353: checking how to associate runtime and link libraries
configure:5380: result: printf %s\n
configure:5441: checking for ar
configure:5457: found /usr/bin/ar
configure:5468: result: ar
configure:5505: checking for archiver @FILE support
configure:5522: gcc -c -g -O2  conftest.c >&5
configure:5522: $? = 0
configure:5525: ar cru libconftest.a @conftest.lst >&5
configure:5528: $? = 0
configure:5533: ar cru libconftest.a @conftest.lst >&5
ar: conftest.o: No such file or directory
configure:5536: $? = 1
configure:5548: result: @
configure:5606: checking for strip
configure:5622: found /usr/bin/strip
configure:5633: result: strip
configure:5705: checking for ranlib
configure:5721: found /usr/bin/ranlib
configure:5732: result: ranlib
configure:5834: checking command to parse /usr/bin/nm -B output from gcc object
configure:5954: gcc -c -g -O2  conftest.c >&5
configure:5957: $? = 0
configure:5961: /usr/bin/nm -B conftest.o \| sed -n -e 's/^.*[ ]\([ABCDGIRSTW][ABCDGIRSTW]*\)[ ][ ]*\([_A-Za-z][_A-Za-z0-9]*\)$/\1 \2 \2/p' | sed '/ __gnu_lto/d' \> conftest.nm
configure:5964: $? = 0
configure:6030: gcc -o conftest -g -O2   conftest.c conftstm.o >&5
configure:6033: $? = 0
configure:6071: result: ok
configure:6108: checking for sysroot
configure:6138: result: no
configure:6215: gcc -c -g -O2  conftest.c >&5
configure:6218: $? = 0
configure:6401: checking for mt
configure:6417: found /bin/mt
configure:6428: result: mt
configure:6451: checking if mt is a manifest tool
configure:6457: mt '-?'
configure:6465: result: no
configure:7107: checking how to run the C preprocessor
configure:7138: gcc -E  conftest.c
configure:7138: $? = 0
configure:7152: gcc -E  conftest.c
conftest.c:9:28: fatal error: ac_nonexistent.h: No such file or directory
compilation terminated.
configure:7152: $? = 1
configure: failed program was:
| /* confdefs.h */
| #define PACKAGE_NAME "LibreDWG"
| #define PACKAGE_TARNAME "libredwg"
| #define PACKAGE_VERSION "0.4-dev"
| #define PACKAGE_STRING "LibreDWG 0.4-dev"
| #define PACKAGE_BUGREPORT "libredwg@gnu.org"
| #define PACKAGE_URL ""
| /* end confdefs.h.  */
| #include <ac_nonexistent.h>
configure:7177: result: gcc -E
configure:7197: gcc -E  conftest.c
configure:7197: $? = 0
configure:7211: gcc -E  conftest.c
conftest.c:9:28: fatal error: ac_nonexistent.h: No such file or directory
compilation terminated.
configure:7211: $? = 1
configure: failed program was:
| /* confdefs.h */
| #define PACKAGE_NAME "LibreDWG"
| #define PACKAGE_TARNAME "libredwg"
| #define PACKAGE_VERSION "0.4-dev"
| #define PACKAGE_STRING "LibreDWG 0.4-dev"
| #define PACKAGE_BUGREPORT "libredwg@gnu.org"
| #define PACKAGE_URL ""
| /* end confdefs.h.  */
| #include <ac_nonexistent.h>
configure:7240: checking for ANSI C header files
configure:7260: gcc -c -g -O2  conftest.c >&5
configure:7260: $? = 0
configure:7333: gcc -o conftest -g -O2   conftest.c  >&5
configure:7333: $? = 0
configure:7333: ./conftest
configure:7333: $? = 0
configure:7344: result: yes
configure:7357: checking for sys/types.h
configure:7357: gcc -c -g -O2  conftest.c >&5
configure:7357: $? = 0
configure:7357: result: yes
configure:7357: checking for sys/stat.h
configure:7357: gcc -c -g -O2  conftest.c >&5
configure:7357: $? = 0
configure:7357: result: yes
configure:7357: checking for stdlib.h
configure:7357: gcc -c -g -O2  conftest.c >&5
configure:7357: $? = 0
configure:7357: result: yes
configure:7357: checking for string.h
configure:7357: gcc -c -g -O2  conftest.c >&5
configure:7357: $? = 0
configure:7357: result: yes
configure:7357: checking for memory.h
configure:7357: gcc -c -g -O2  conftest.c >&5
configure:7357: $? = 0
configure:7357: result: yes
configure:7357: checking for strings.h
configure:7357: gcc -c -g -O2  conftest.c >&5
configure:7357: $? = 0
configure:7357: result: yes
configure:7357: checking for inttypes.h
configure:7357: gcc -c -g -O2  conftest.c >&5
configure:7357: $? = 0
configure:7357: result: yes
configure:7357: checking for stdint.h
configure:7357: gcc -c -g -O2  conftest.c >&5
configure:7357: $? = 0
configure:7357: result: yes
configure:7357: checking for unistd.h
configure:7357: gcc -c -g -O2  conftest.c >&5
configure:7357: $? = 0
configure:7357: result: yes
configure:7371: checking for dlfcn.h
configure:7371: gcc -c -g -O2  conftest.c >&5
configure:7371: $? = 0
configure:7371: result: yes
configure:7577: checking for objdir
configure:7592: result: .libs
configure:7863: checking if gcc supports -fno-rtti -fno-exceptions
configure:7881: gcc -c -g -O2  -fno-rtti -fno-exceptions conftest.c >&5
cc1: warning: command line option '-fno-rtti' is valid for C++/ObjC++ but not for C [enabled by default]
configure:7885: $? = 0
configure:7898: result: no
configure:8225: checking for gcc option to produce PIC
configure:8232: result: -fPIC -DPIC
configure:8240: checking if gcc PIC flag -fPIC -DPIC works
configure:8258: gcc -c -g -O2  -fPIC -DPIC -DPIC conftest.c >&5
configure:8262: $? = 0
configure:8275: result: yes
configure:8304: checking if gcc static flag -static works
configure:8332: result: yes
configure:8347: checking if gcc supports -c -o file.o
configure:8368: gcc -c -g -O2  -o out/conftest2.o conftest.c >&5
configure:8372: $? = 0
configure:8394: result: yes
configure:8402: checking if gcc supports -c -o file.o
configure:8449: result: yes
configure:8482: checking whether the gcc linker (/usr/bin/ld -m elf_x86_64) supports shared libraries
configure:9639: result: yes
configure:9676: checking whether -lc should be explicitly linked in
configure:9684: gcc -c -g -O2  conftest.c >&5
configure:9687: $? = 0
configure:9702: gcc -shared  -fPIC -DPIC conftest.o  -v -Wl,-soname -Wl,conftest -o conftest 2\>\&1 \| /bin/grep  -lc  \>/dev/null 2\>\&1
configure:9705: $? = 0
configure:9719: result: no
configure:9879: checking dynamic linker characteristics
configure:10379: gcc -o conftest -g -O2   -Wl,-rpath -Wl,/foo conftest.c  >&5
configure:10379: $? = 0
configure:10613: result: GNU/Linux ld.so
configure:10720: checking how to hardcode library paths into programs
configure:10745: result: immediate
configure:11285: checking whether stripping libraries is possible
configure:11290: result: yes
configure:11325: checking if libtool supports shared libraries
configure:11327: result: yes
configure:11330: checking whether to build shared libraries
configure:11351: result: yes
configure:11354: checking whether to build static libraries
configure:11358: result: yes
configure:11397: checking for PS_open_file in -lps
configure:11422: gcc -o conftest -g -O2   conftest.c -lps   >&5
/usr/bin/ld: cannot find -lps
collect2: error: ld returned 1 exit status
configure:11422: $? = 1
configure: failed program was:
| /* confdefs.h */
| #define PACKAGE_NAME "LibreDWG"
| #define PACKAGE_TARNAME "libredwg"
| #define PACKAGE_VERSION "0.4-dev"
| #define PACKAGE_STRING "LibreDWG 0.4-dev"
| #define PACKAGE_BUGREPORT "libredwg@gnu.org"
| #define PACKAGE_URL ""
| #define STDC_HEADERS 1
| #define HAVE_SYS_TYPES_H 1
| #define HAVE_SYS_STAT_H 1
| #define HAVE_STDLIB_H 1
| #define HAVE_STRING_H 1
| #define HAVE_MEMORY_H 1
| #define HAVE_STRINGS_H 1
| #define HAVE_INTTYPES_H 1
| #define HAVE_STDINT_H 1
| #define HAVE_UNISTD_H 1
| #define HAVE_DLFCN_H 1
| #define LT_OBJDIR ".libs/"
| /* end confdefs.h.  */
| 
| /* Override any GCC internal prototype to avoid an error.
|    Use char because int might match the return type of a GCC
|    builtin and then its argument prototype would still apply.  */
| #ifdef __cplusplus
| extern "C"
| #endif
| char PS_open_file ();
| int
| main ()
| {
| return PS_open_file ();
|   ;
|   return 0;
| }
configure:11431: result: no
configure:11440: checking for ANSI C header files
configure:11544: result: yes
configure:11555: checking for stdlib.h
configure:11555: result: yes
configure:11555: checking for string.h
configure:11555: result: yes
configure:11555: checking for unistd.h
configure:11555: result: yes
configure:11582: checking for size_t
configure:11582: gcc -c -g -O2  conftest.c >&5
configure:11582: $? = 0
configure:11582: gcc -c -g -O2  conftest.c >&5
conftest.c: In function 'main':
conftest.c:61:21: error: expected expression before ')' token
configure:11582: $? = 1
configure: failed program was:
| /* confdefs.h */
| #define PACKAGE_NAME "LibreDWG"
| #define PACKAGE_TARNAME "libredwg"
| #define PACKAGE_VERSION "0.4-dev"
| #define PACKAGE_STRING "LibreDWG 0.4-dev"
| #define PACKAGE_BUGREPORT "libredwg@gnu.org"
| #define PACKAGE_URL ""
| #define STDC_HEADERS 1
| #define HAVE_SYS_TYPES_H 1
| #define HAVE_SYS_STAT_H 1
| #define HAVE_STDLIB_H 1
| #define HAVE_STRING_H 1
| #define HAVE_MEMORY_H 1
| #define HAVE_STRINGS_H 1
| #define HAVE_INTTYPES_H 1
| #define HAVE_STDINT_H 1
| #define HAVE_UNISTD_H 1
| #define HAVE_DLFCN_H 1
| #define LT_OBJDIR ".libs/"
| #define STDC_HEADERS 1
| #define HAVE_STDLIB_H 1
| #define HAVE_STRING_H 1
| #define HAVE_UNISTD_H 1
| /* end confdefs.h.  */
| #include <stdio.h>
| #ifdef HAVE_SYS_TYPES_H
| # include <sys/types.h>
| #endif
| #ifdef HAVE_SYS_STAT_H
| # include <sys/stat.h>
| #endif
| #ifdef STDC_HEADERS
| # include <stdlib.h>
| # include <stddef.h>
| #else
| # ifdef HAVE_STDLIB_H
| #  include <stdlib.h>
| # endif
| #endif
| #ifdef HAVE_STRING_H
| # if !defined STDC_HEADERS && defined HAVE_MEMORY_H
| #  include <memory.h>
| # endif
| # include <string.h>
| #endif
| #ifdef HAVE_STRINGS_H
| # include <strings.h>
| #endif
| #ifdef HAVE_INTTYPES_H
| # include <inttypes.h>
| #endif
| #ifdef HAVE_STDINT_H
| # include <stdint.h>
| #endif
| #ifdef HAVE_UNISTD_H
| # include <unistd.h>
| #endif
| int
| main ()
| {
| if (sizeof ((size_t)))
| 	    return 0;
|   ;
|   return 0;
| }
configure:11582: result: yes
configure:11596: checking for stdlib.h
configure:11596: result: yes
configure:11606: checking for GNU libc compatible malloc
configure:11630: gcc -o conftest -g -O2   conftest.c  >&5
configure:11630: $? = 0
configure:11630: ./conftest
configure:11630: $? = 0
configure:11640: result: yes
configure:11663: checking for stdlib.h
configure:11663: result: yes
configure:11673: checking for GNU libc compatible realloc
configure:11697: gcc -o conftest -g -O2   conftest.c  >&5
configure:11697: $? = 0
configure:11697: ./conftest
configure:11697: $? = 0
configure:11707: result: yes
configure:11728: checking whether lstat correctly handles trailing slash
configure:11754: gcc -o conftest -g -O2   conftest.c  >&5
configure:11754: $? = 0
configure:11754: ./conftest
configure:11754: $? = 0
configure:11771: result: yes
configure:11790: checking whether stat accepts an empty string
configure:11810: gcc -o conftest -g -O2   conftest.c  >&5
configure:11810: $? = 0
configure:11810: ./conftest
configure:11810: $? = 0
configure:11820: result: no
configure:11900: checking for a Python interpreter with version >= 2.3
configure:11917: python -c import sys # split strings by '.' and convert to numeric. Append some zeros # because we need at least 4 digits for the hex conversion. # map returns an iterator in Python 3.0 and a list in 2.x minver = list(map(int, '2.3'.split('.'))) + [0, 0, 0] minverhex = 0 # xrange is not present in Python 3.0 and range returns an iterator for i in list(range(0, 4)): minverhex = (minverhex << 8) + minver[i] sys.exit(sys.hexversion < minverhex)
configure:11920: $? = 0
configure:11926: result: python
configure:11934: checking for python
configure:11952: found /usr/bin/python
configure:11964: result: /usr/bin/python
configure:11982: checking for python version
configure:11989: result: 2.7
configure:12001: checking for python platform
configure:12008: result: linux2
configure:12015: checking for python script directory
configure:12043: result: ${prefix}/lib/python2.7/dist-packages
configure:12052: checking for python extension module directory
configure:12080: result: ${exec_prefix}/lib/python2.7/dist-packages
configure:12096: checking for swig
configure:12114: found /usr/bin/swig
configure:12126: result: /usr/bin/swig
configure:12137: checking SWIG version
configure:12140: result: 2.0.8
configure:12189: checking for SWIG library
configure:12192: result: /usr/share/swig2.0
configure:12213: checking for python2.7
configure:12243: result: /usr/bin/python
configure:12259: checking for a version of Python >= '2.1.0'
configure:12285: result: yes
configure:12316: checking for the distutils Python package
configure:12320: result: yes
configure:12334: checking for Python include path
configure:12344: result: -I/usr/include/python2.7
configure:12351: checking for Python library path
configure:12436: result: -L/usr/lib -lpython2.7
configure:12443: checking for Python site-packages path
configure:12449: result: /usr/lib/python2.7/dist-packages
configure:12456: checking python extra libraries
configure:12463: result: -L/usr/lib -lz -lpthread -ldl  -lutil
configure:12470: checking python extra linking flags
configure:12477: result: -Xlinker -export-dynamic -Wl,-O1 -Wl,-Bsymbolic-functions
configure:12484: checking consistency of all components of python development environment
configure:12510: gcc -o conftest -g -O2  -I/usr/include/python2.7  conftest.c  -L/usr/lib -lpython2.7 -Xlinker -export-dynamic -Wl,-O1 -Wl,-Bsymbolic-functions -L/usr/lib -lz -lpthread -ldl  -lutil >&5
configure:12510: $? = 0
configure:12527: result: yes
configure:12702: creating ./config.status

## ---------------------- ##
## Running config.status. ##
## ---------------------- ##

This file was extended by LibreDWG config.status 0.4-dev, which was
generated by GNU Autoconf 2.69.  Invocation command line was

  CONFIG_FILES    = 
  CONFIG_HEADERS  = 
  CONFIG_LINKS    = 
  CONFIG_COMMANDS = 
  $ ./config.status 

on avneet-Lenovo-G560

config.status:1111: creating Makefile
config.status:1111: creating src/Makefile
config.status:1111: creating doc/Makefile
config.status:1111: creating examples/Makefile
config.status:1111: creating bindings/Makefile
config.status:1111: creating bindings/python/Makefile
config.status:1111: creating src/config.h
config.status:1340: executing depfiles commands
config.status:1340: executing libtool commands

## ---------------- ##
## Cache variables. ##
## ---------------- ##

ac_cv_build=x86_64-unknown-linux-gnu
ac_cv_c_compiler_gnu=yes
ac_cv_env_CC_set=
ac_cv_env_CC_value=
ac_cv_env_CFLAGS_set=
ac_cv_env_CFLAGS_value=
ac_cv_env_CPPFLAGS_set=
ac_cv_env_CPPFLAGS_value=
ac_cv_env_CPP_set=
ac_cv_env_CPP_value=
ac_cv_env_LDFLAGS_set=
ac_cv_env_LDFLAGS_value=
ac_cv_env_LIBS_set=
ac_cv_env_LIBS_value=
ac_cv_env_PYTHON_VERSION_set=
ac_cv_env_PYTHON_VERSION_value=
ac_cv_env_PYTHON_set=
ac_cv_env_PYTHON_value=
ac_cv_env_build_alias_set=
ac_cv_env_build_alias_value=
ac_cv_env_host_alias_set=
ac_cv_env_host_alias_value=
ac_cv_env_target_alias_set=
ac_cv_env_target_alias_value=
ac_cv_func_lstat_dereferences_slashed_symlink=yes
ac_cv_func_malloc_0_nonnull=yes
ac_cv_func_realloc_0_nonnull=yes
ac_cv_func_stat_empty_string_bug=no
ac_cv_header_dlfcn_h=yes
ac_cv_header_inttypes_h=yes
ac_cv_header_memory_h=yes
ac_cv_header_stdc=yes
ac_cv_header_stdint_h=yes
ac_cv_header_stdlib_h=yes
ac_cv_header_string_h=yes
ac_cv_header_strings_h=yes
ac_cv_header_sys_stat_h=yes
ac_cv_header_sys_types_h=yes
ac_cv_header_unistd_h=yes
ac_cv_host=x86_64-unknown-linux-gnu
ac_cv_lib_ps_PS_open_file=no
ac_cv_objext=o
ac_cv_path_EGREP='/bin/grep -E'
ac_cv_path_FGREP='/bin/grep -F'
ac_cv_path_GREP=/bin/grep
ac_cv_path_PYTHON=/usr/bin/python
ac_cv_path_SED=/bin/sed
ac_cv_path_SWIG=/usr/bin/swig
ac_cv_path_mkdir=/bin/mkdir
ac_cv_prog_AWK=gawk
ac_cv_prog_CPP='gcc -E'
ac_cv_prog_ac_ct_AR=ar
ac_cv_prog_ac_ct_CC=gcc
ac_cv_prog_ac_ct_MANIFEST_TOOL=mt
ac_cv_prog_ac_ct_OBJDUMP=objdump
ac_cv_prog_ac_ct_RANLIB=ranlib
ac_cv_prog_ac_ct_STRIP=strip
ac_cv_prog_cc_c89=
ac_cv_prog_cc_g=yes
ac_cv_prog_make_make_set=yes
ac_cv_type_size_t=yes
am_cv_CC_dependencies_compiler_type=gcc3
am_cv_pathless_PYTHON=python
am_cv_python_platform=linux2
am_cv_python_pyexecdir='${exec_prefix}/lib/python2.7/dist-packages'
am_cv_python_pythondir='${prefix}/lib/python2.7/dist-packages'
am_cv_python_version=2.7
lt_cv_ar_at_file=@
lt_cv_archive_cmds_need_lc=no
lt_cv_deplibs_check_method=pass_all
lt_cv_file_magic_cmd='$MAGIC_CMD'
lt_cv_file_magic_test_file=
lt_cv_ld_reload_flag=-r
lt_cv_nm_interface='BSD nm'
lt_cv_objdir=.libs
lt_cv_path_LD=/usr/bin/ld
lt_cv_path_NM='/usr/bin/nm -B'
lt_cv_path_mainfest_tool=no
lt_cv_prog_compiler_c_o=yes
lt_cv_prog_compiler_pic='-fPIC -DPIC'
lt_cv_prog_compiler_pic_works=yes
lt_cv_prog_compiler_rtti_exceptions=no
lt_cv_prog_compiler_static_works=yes
lt_cv_prog_gnu_ld=yes
lt_cv_sharedlib_from_linklib_cmd='printf %s\n'
lt_cv_shlibpath_overrides_runpath=no
lt_cv_sys_global_symbol_pipe='sed -n -e '\''s/^.*[	 ]\([ABCDGIRSTW][ABCDGIRSTW]*\)[	 ][	 ]*\([_A-Za-z][_A-Za-z0-9]*\)$/\1 \2 \2/p'\'' | sed '\''/ __gnu_lto/d'\'''
lt_cv_sys_global_symbol_to_c_name_address='sed -n -e '\''s/^: \([^ ]*\)[ ]*$/  {\"\1\", (void *) 0},/p'\'' -e '\''s/^[ABCDGIRSTW]* \([^ ]*\) \([^ ]*\)$/  {"\2", (void *) \&\2},/p'\'''
lt_cv_sys_global_symbol_to_c_name_address_lib_prefix='sed -n -e '\''s/^: \([^ ]*\)[ ]*$/  {\"\1\", (void *) 0},/p'\'' -e '\''s/^[ABCDGIRSTW]* \([^ ]*\) \(lib[^ ]*\)$/  {"\2", (void *) \&\2},/p'\'' -e '\''s/^[ABCDGIRSTW]* \([^ ]*\) \([^ ]*\)$/  {"lib\2", (void *) \&\2},/p'\'''
lt_cv_sys_global_symbol_to_cdecl='sed -n -e '\''s/^T .* \(.*\)$/extern int \1();/p'\'' -e '\''s/^[ABCDGIRSTW]* .* \(.*\)$/extern char \1;/p'\'''
lt_cv_sys_max_cmd_len=1572864
lt_cv_to_host_file_cmd=func_convert_file_noop
lt_cv_to_tool_file_cmd=func_convert_file_noop

## ----------------- ##
## Output variables. ##
## ----------------- ##

ACLOCAL='${SHELL} /home/avneet/refactoring/build-aux/missing --run aclocal-1.11'
AMDEPBACKSLASH='\'
AMDEP_FALSE='#'
AMDEP_TRUE=''
AMTAR='$${TAR-tar}'
AR='ar'
AUTOCONF='${SHELL} /home/avneet/refactoring/build-aux/missing --run autoconf'
AUTOHEADER='${SHELL} /home/avneet/refactoring/build-aux/missing --run autoheader'
AUTOMAKE='${SHELL} /home/avneet/refactoring/build-aux/missing --run automake-1.11'
AWK='gawk'
AX_SWIG_PYTHON_CPPFLAGS='-I/usr/include/python2.7'
AX_SWIG_PYTHON_OPT='-python'
CC='gcc'
CCDEPMODE='depmode=gcc3'
CFLAGS='-g -O2'
CPP='gcc -E'
CPPFLAGS=''
CYGPATH_W='echo'
DEFS='-DHAVE_CONFIG_H'
DEPDIR='.deps'
DLLTOOL='false'
DSYMUTIL=''
DUMPBIN=''
ECHO_C=''
ECHO_N='-n'
ECHO_T=''
EGREP='/bin/grep -E'
EXEEXT=''
FGREP='/bin/grep -F'
GREP='/bin/grep'
HAVE_LIBPS_FALSE=''
HAVE_LIBPS_TRUE='#'
INSTALL_DATA='${INSTALL} -m 644'
INSTALL_PROGRAM='${INSTALL}'
INSTALL_SCRIPT='${INSTALL}'
INSTALL_STRIP_PROGRAM='$(install_sh) -c -s'
ISODATE='2013-07-31'
LD='/usr/bin/ld -m elf_x86_64'
LDFLAGS=''
LIBOBJS=''
LIBS=''
LIBTOOL='$(SHELL) $(top_builddir)/libtool'
LIPO=''
LN_S='ln -s'
LTLIBOBJS=''
MAKEINFO='${SHELL} /home/avneet/refactoring/build-aux/missing --run makeinfo'
MANIFEST_TOOL=':'
MKDIR_P='/bin/mkdir -p'
NM='/usr/bin/nm -B'
NMEDIT=''
OBJDUMP='objdump'
OBJEXT='o'
OTOOL64=''
OTOOL=''
PACKAGE='libredwg'
PACKAGE_BUGREPORT='libredwg@gnu.org'
PACKAGE_NAME='LibreDWG'
PACKAGE_STRING='LibreDWG 0.4-dev'
PACKAGE_TARNAME='libredwg'
PACKAGE_URL=''
PACKAGE_VERSION='0.4-dev'
PATH_SEPARATOR=':'
PYTHON='/usr/bin/python'
PYTHON_CPPFLAGS='-I/usr/include/python2.7'
PYTHON_EXEC_PREFIX='${exec_prefix}'
PYTHON_EXTRA_LDFLAGS='-Xlinker -export-dynamic -Wl,-O1 -Wl,-Bsymbolic-functions'
PYTHON_EXTRA_LIBS='-L/usr/lib -lz -lpthread -ldl  -lutil'
PYTHON_LDFLAGS='-L/usr/lib -lpython2.7'
PYTHON_PLATFORM='linux2'
PYTHON_PREFIX='${prefix}'
PYTHON_SITE_PKG='/usr/lib/python2.7/dist-packages'
PYTHON_VERSION='2.7'
RANLIB='ranlib'
SED='/bin/sed'
SET_MAKE=''
SHELL='/bin/bash'
STRIP='strip'
SWIG='/usr/bin/swig'
SWIG_LIB='/usr/share/swig2.0'
VERSION='0.4-dev'
ac_ct_AR='ar'
ac_ct_CC='gcc'
ac_ct_DUMPBIN=''
am__EXEEXT_FALSE=''
am__EXEEXT_TRUE='#'
am__fastdepCC_FALSE='#'
am__fastdepCC_TRUE=''
am__include='include'
am__isrc=''
am__leading_dot='.'
am__nodep='_no'
am__quote=''
am__tar='$${TAR-tar} chof - "$$tardir"'
am__untar='$${TAR-tar} xf -'
bindir='${exec_prefix}/bin'
build='x86_64-unknown-linux-gnu'
build_alias=''
build_cpu='x86_64'
build_os='linux-gnu'
build_vendor='unknown'
datadir='${datarootdir}'
datarootdir='${prefix}/share'
docdir='${datarootdir}/doc/${PACKAGE_TARNAME}'
dvidir='${docdir}'
exec_prefix='${prefix}'
host='x86_64-unknown-linux-gnu'
host_alias=''
host_cpu='x86_64'
host_os='linux-gnu'
host_vendor='unknown'
htmldir='${docdir}'
includedir='${prefix}/include'
infodir='${datarootdir}/info'
install_sh='${SHELL} /home/avneet/refactoring/build-aux/install-sh'
libdir='${exec_prefix}/lib'
libexecdir='${exec_prefix}/libexec'
localedir='${datarootdir}/locale'
localstatedir='${prefix}/var'
mandir='${datarootdir}/man'
mkdir_p='/bin/mkdir -p'
oldincludedir='/usr/include'
pdfdir='${docdir}'
pkgpyexecdir='${pyexecdir}/libredwg'
pkgpythondir='${pythondir}/libredwg'
prefix='/usr/local'
program_transform_name='s,x,x,'
psdir='${docdir}'
pyexecdir='${exec_prefix}/lib/python2.7/dist-packages'
pythondir='${prefix}/lib/python2.7/dist-packages'
sbindir='${exec_prefix}/sbin'
sharedstatedir='${prefix}/com'
sysconfdir='${prefix}/etc'
target_alias=''

## ----------- ##
## confdefs.h. ##
## ----------- ##

/* confdefs.h */
#define PACKAGE_NAME "LibreDWG"
#define PACKAGE_TARNAME "libredwg"
#define PACKAGE_VERSION "0.4-dev"
#define PACKAGE_STRING "LibreDWG 0.4-dev"
#define PACKAGE_BUGREPORT "libredwg@gnu.org"
#define PACKAGE_URL ""
#define STDC_HEADERS 1
#define HAVE_SYS_TYPES_H 1
#define HAVE_SYS_STAT_H 1
#define HAVE_STDLIB_H 1
#define HAVE_STRING_H 1
#define HAVE_MEMORY_H 1
#define HAVE_STRINGS_H 1
#define HAVE_INTTYPES_H 1
#define HAVE_STDINT_H 1
#define HAVE_UNISTD_H 1
#define HAVE_DLFCN_H 1
#define LT_OBJDIR ".libs/"
#define STDC_HEADERS 1
#define HAVE_STDLIB_H 1
#define HAVE_STRING_H 1
#define HAVE_UNISTD_H 1
#define HAVE_STDLIB_H 1
#define HAVE_MALLOC 1
#define HAVE_STDLIB_H 1
#define HAVE_REALLOC 1
#define LSTAT_FOLLOWS_SLASHED_SYMLINK 1
#define USE_WRITE 1
#define HAVE_PYTHON "2.7"

configure: exit 0
